\BOOKMARK [1][-]{section.1}{\376\377\145\131\200\262\200\314\146\157}{}% 1
\BOOKMARK [2][-]{subsection.1.1}{\376\377\211\177\133\211\116\244\220\032\131\047\133\146\377\014\137\072\127\372\162\151\164\006\000-\165\065\133\120\145\271\124\021\377\014\147\054\171\321}{section.1}% 2
\BOOKMARK [2][-]{subsection.1.2}{\376\377\211\177\133\211\116\244\220\032\131\047\133\146\377\014\165\065\133\120\171\321\133\146\116\016\142\200\147\057\000-\137\256\165\065\133\120\116\016\126\372\117\123\165\065\133\120\133\146\377\014\170\125\130\353}{section.1}% 3
\BOOKMARK [1][-]{section.2}{\376\377\217\307\137\200\176\317\123\206}{}% 4
\BOOKMARK [2][-]{subsection.2.1}{\376\377\127\372\116\216\147\072\126\150\133\146\116\140\166\204\121\111\117\017\165\065\154\140\147\177\123\357\211\306\123\026\176\242\131\026\156\051\143\247\170\024\172\166\377\014\137\002\215\050\176\323\170\024\172\166\377\014\147\072\126\150\133\146\116\140\377\014\147\072\126\150\211\306\211\311}{section.2}% 5
\BOOKMARK [2][-]{subsection.2.2}{\376\377\173\054\116\003\134\112\121\150\126\375\131\047\133\146\165\037\135\114\121\145\137\017\202\257\162\107\116\016\174\373\176\337\213\276\213\241\172\336\215\133\000\040\116\000\173\111\131\126\121\174\147\054\134\112\147\000\117\163\122\033\141\017\131\126\377\014\000F\000P\000G\000A}{section.2}% 6
\BOOKMARK [2][-]{subsection.2.3}{\376\377\213\241\173\227\147\072\211\306\211\311\377\014\000d\000i\000f\000f\000u\000s\000i\000o\000n\000\040\000m\000o\000d\000e\000l\377\014\000\040\000G\000A\000N\377\014\000V\000A\000E}{section.2}% 7
\BOOKMARK [2][-]{subsection.2.4}{\376\377\127\372\116\216\000s\000t\000m\0003\0002\166\204\165\065\123\213\230\204\213\146\152\041\127\127\377\014\000s\000t\000m\0003\0002\137\000\123\321}{section.2}% 8
\BOOKMARK [2][-]{subsection.2.5}{\376\377\126\375\171\321\131\047\040\034\116\000\165\037\116\000\202\257\040\035\213\241\122\022\377\014\000D\226\066\153\265\133\146\165\037}{section.2}% 9
\BOOKMARK [1][-]{section.3}{\376\377\116\023\116\032\142\200\200\375}{}% 10
\BOOKMARK [2][-]{subsection.3.1}{\376\377\213\241\173\227\147\072\145\271\227\142\377\032\000c\060\001\000c\000+\000+\060\001\000p\000y\000t\000h\000o\000n\060\001\136\070\165\050\000s\000h\000e\000l\000l\060\001\000M\000A\000T\000L\000A\000B\377\014\000L\000i\000n\000u\000x\174\373\176\337\127\372\147\054\117\177\165\050\060\002\000m\000a\000t\000l\000a\000b\145\160\120\074\213\241\173\227\060\001\000m\000u\000l\000t\000i\000s\000i\000m\000/\000s\000p\000i\000c\000e\165\065\215\357\116\377\167\037\060\001\000C\000o\000m\000s\000o\000l\000\046\000s\000o\000l\000i\000d\000w\000o\000r\000k\000s\116\377\167\037\060\001\000O\000r\000i\000g\000i\000n\176\330\126\376\060\001\000L\000a\000t\000e\000x}{section.3}% 11
\BOOKMARK [2][-]{subsection.3.2}{\376\377\173\227\154\325\145\271\227\142\377\032\000O\000p\000e\000n\000C\000V\126\376\120\317\131\004\164\006\116\016\122\006\147\220\377\014\147\072\126\150\133\146\116\140\060\001\155\361\136\246\133\146\116\140\377\014\213\241\173\227\147\072\211\306\211\311\377\010\165\037\142\020\152\041\127\213\377\011}{section.3}% 12
\BOOKMARK [2][-]{subsection.3.3}{\376\377\170\154\116\366\145\271\227\142\377\032\000s\000t\000m\0003\0002\137\000\123\321\377\014\000F\000P\000G\000A\124\214\215\133\160\165\140\035\131\127\116\366\137\000\123\321\153\324\215\133\176\317\232\214\377\014\000s\000c\000a\000l\000a\000\040\000\046\000\040\000c\000h\000i\000s\000e\000l\177\026\121\231\000v\000e\000r\000i\000l\000o\000g\137\000\123\321\224\376\377\033\127\372\116\216\000v\000e\000r\000i\000l\000a\000t\000o\000r\000\040\000\046\000\040\000g\000k\000d\000w\000a\000v\000e\173\111\135\345\121\167\166\204\145\160\133\127\165\065\215\357\116\377\167\037}{section.3}% 13
\BOOKMARK [2][-]{subsection.3.4}{\376\377\131\026\213\355\145\271\227\142\377\032\131\047\116\000\123\163\220\032\217\307\000C\000E\000T\000-\0004\000\046\000C\000E\000T\000-\0006\060\002\000\040\000C\000E\000T\000-\0006\123\326\137\227\0005\0009\0007\122\006\377\014\147\011\131\026\145\207\177\373\213\321\176\317\232\214\060\002}{section.3}% 14
\BOOKMARK [1][-]{section.4}{\376\377\131\126\122\261\203\143\212\211}{}% 15
\BOOKMARK [2][-]{subsection.4.1}{\376\377\172\336\215\133\203\267\131\126\145\271\227\142\000:}{section.4}% 16
\BOOKMARK [2][-]{subsection.4.2}{\376\377\123\302\122\240\173\054\116\003\134\112\121\150\126\375\131\047\133\146\165\037\135\114\121\145\137\017\202\257\162\107\116\016\174\373\176\337\213\276\213\241\172\336\215\133\377\014\203\267\121\150\126\375\116\000\173\111\131\126\124\214\147\000\117\163\122\033\141\017\131\126\377\033}{section.4}% 17
\BOOKMARK [2][-]{subsection.4.3}{\376\377\131\032\153\041\123\302\122\240\167\001\176\247\060\001\126\375\133\266\176\247\131\047\122\033\230\171\166\356\377\033}{section.4}% 18
\BOOKMARK [2][-]{subsection.4.4}{\376\377\203\267\126\375\133\266\122\261\137\327\131\126\133\146\221\321\116\044\153\041\377\014\150\041\176\247\131\126\133\146\221\321\116\000\153\041\060\002}{section.4}% 19
\BOOKMARK [2][-]{subsection.4.5}{\376\377\213\272\145\207\145\271\227\142\377\032}{section.4}% 20
\BOOKMARK [2][-]{subsection.4.6}{\376\377\116\345\121\161\124\014\117\134\200\005\216\253\116\375\123\321\210\150\213\272\145\207\377\032\040\034\000E\000f\000f\000e\000c\000t\000\040\000o\000f\000\040\000e\000r\000r\000o\000r\000s\000\040\000i\000n\000\040\000p\000o\000w\000e\000r\000\040\000o\000u\000t\000p\000u\000t\000\040\000o\000n\000\040\000r\000e\000l\000i\000a\000b\000i\000l\000i\000t\000y\000\040\000e\000v\000a\000l\000u\000a\000t\000i\000o\000n\000\040\000f\000o\000r\000\040\000p\000h\000o\000t\000o\000v\000o\000l\000t\000a\000i\000c\000\040\000m\000o\000d\000u\000l\000e\000s\000,\040\035\000P\000r\000o\000c\000e\000e\000d\000i\000n\000g\000s\000\040\000o\000f\000\040\000t\000h\000e\000\040\000I\000E\000E\000E\000\040\000A\000E\000E\000E\000S\000\040\0002\0000\0002\0004\000,\000\040\0002\0000\0002\0004\000.}{section.4}% 21
